<?xml version="1.0" encoding="UTF-8"?>
<testng-results ignored="0" total="1" passed="1" failed="0" skipped="0">
  <reporter-output>
  </reporter-output>
  <suite started-at="2026-03-17T17:27:52 IST" name="Default suite" finished-at="2026-03-17T17:28:23 IST" duration-ms="30817">
    <groups>
      <group name="cucumber">
        <method signature="AbstractTestNGCucumberTests.runScenario(io.cucumber.testng.PickleWrapper,io.cucumber.testng.FeatureWrapper)[pri:0, instance:runner.TestRunner@8c3b9d]" name="runScenario" class="io.cucumber.testng.AbstractTestNGCucumberTests"/>
      </group> <!-- cucumber -->
    </groups>
    <test started-at="2026-03-17T17:27:52 IST" name="Default test" finished-at="2026-03-17T17:28:23 IST" duration-ms="30817">
      <class name="runner.TestRunner">
        <test-method is-config="true" signature="setUpClass(org.testng.ITestContext)[pri:0, instance:runner.TestRunner@8c3b9d]" started-at="2026-03-17T17:27:52 IST" name="setUpClass" finished-at="2026-03-17T17:27:53 IST" duration-ms="1467" status="PASS">
          <params>
            <param index="0">
              <value>
                <![CDATA[org.testng.TestRunner@6fff46bf]]>
              </value>
            </param>
          </params>
          <reporter-output>
          </reporter-output>
        </test-method> <!-- setUpClass -->
        <test-method signature="runScenario(io.cucumber.testng.PickleWrapper,io.cucumber.testng.FeatureWrapper)[pri:0, instance:runner.TestRunner@8c3b9d]" started-at="2026-03-17T17:27:53 IST" name="runScenario" description="Runs Cucumber Scenarios" data-provider="scenarios" finished-at="2026-03-17T17:28:23 IST" duration-ms="29159" status="PASS">
          <params>
            <param index="0">
              <value>
                <![CDATA["End to End Booking"]]>
              </value>
            </param>
            <param index="1">
              <value>
                <![CDATA["Booking Flow"]]>
              </value>
            </param>
          </params>
          <reporter-output>
          </reporter-output>
        </test-method> <!-- runScenario -->
        <test-method is-config="true" signature="tearDownClass()[pri:0, instance:runner.TestRunner@8c3b9d]" started-at="2026-03-17T17:28:23 IST" name="tearDownClass" finished-at="2026-03-17T17:28:23 IST" duration-ms="103" status="PASS">
          <reporter-output>
          </reporter-output>
        </test-method> <!-- tearDownClass -->
      </class> <!-- runner.TestRunner -->
    </test> <!-- Default test -->
  </suite> <!-- Default suite -->
</testng-results>
